Flow report for Lab4
Thu Oct 17 15:26:08 2019
Quartus II Version 9.1 Build 222 10/21/2009 SJ Web Edition


---------------------
; Table of Contents ;
---------------------
  1. Legal Notice
  2. Flow Summary
  3. Flow Settings
  4. Flow Non-Default Global Settings
  5. Flow Elapsed Time
  6. Flow OS Summary
  7. Flow Log



----------------
; Legal Notice ;
----------------
Copyright (C) 1991-2009 Altera Corporation
Your use of Altera Corporation's design tools, logic functions 
and other software and tools, and its AMPP partner logic 
functions, and any output files from any of the foregoing 
(including device programming or simulation files), and any 
associated documentation or information are expressly subject 
to the terms and conditions of the Altera Program License 
Subscription Agreement, Altera MegaCore Function License 
Agreement, or other applicable license agreement, including, 
without limitation, that your use is for the sole purpose of 
programming logic devices manufactured by Altera and sold by 
Altera or its authorized distributors.  Please refer to the 
applicable agreement for further details.



+-------------------------------------------------------------------------+
; Flow Summary                                                            ;
+-------------------------------+-----------------------------------------+
; Flow Status                   ; Successful - Thu Oct 17 15:26:08 2019   ;
; Quartus II Version            ; 9.1 Build 222 10/21/2009 SJ Web Edition ;
; Revision Name                 ; Lab4                                    ;
; Top-level Entity Name         ; Lab4                                    ;
; Family                        ; Stratix II                              ;
; Met timing requirements       ; N/A                                     ;
; Logic utilization             ; N/A                                     ;
;     Combinational ALUTs       ; 140                                     ;
;     Dedicated logic registers ; 122                                     ;
; Total registers               ; 122                                     ;
; Total pins                    ; 41                                      ;
; Total virtual pins            ; 0                                       ;
; Total block memory bits       ; 1,280                                   ;
; DSP block 9-bit elements      ; 0                                       ;
; Total PLLs                    ; 0                                       ;
; Total DLLs                    ; 0                                       ;
+-------------------------------+-----------------------------------------+


+-----------------------------------------+
; Flow Settings                           ;
+-------------------+---------------------+
; Option            ; Setting             ;
+-------------------+---------------------+
; Start date & time ; 10/17/2019 15:26:04 ;
; Main task         ; Compilation         ;
; Revision Name     ; Lab4                ;
+-------------------+---------------------+


+----------------------------------------------------------------------------------------------------------------------------------+
; Flow Non-Default Global Settings                                                                                                 ;
+------------------------------------+----------------------------------------------+---------------+-------------+----------------+
; Assignment Name                    ; Value                                        ; Default Value ; Entity Name ; Section Id     ;
+------------------------------------+----------------------------------------------+---------------+-------------+----------------+
; COMPILER_SIGNATURE_ID              ; 5311869342080.157131516400756                ; --            ; --          ; --             ;
; IP_TOOL_NAME                       ; LPM_FF                                       ; --            ; --          ; --             ;
; IP_TOOL_NAME                       ; LPM_FF                                       ; --            ; --          ; --             ;
; IP_TOOL_NAME                       ; LPM_DECODE                                   ; --            ; --          ; --             ;
; IP_TOOL_NAME                       ; LPM_MUX                                      ; --            ; --          ; --             ;
; IP_TOOL_NAME                       ; LPM_BUSTRI                                   ; --            ; --          ; --             ;
; IP_TOOL_NAME                       ; LPM_ROM                                      ; --            ; --          ; --             ;
; IP_TOOL_NAME                       ; LPM_RAM_DQ                                   ; --            ; --          ; --             ;
; IP_TOOL_NAME                       ; LPM_BUSTRI                                   ; --            ; --          ; --             ;
; IP_TOOL_NAME                       ; LPM_ROM                                      ; --            ; --          ; --             ;
; IP_TOOL_NAME                       ; LPM_BUSTRI                                   ; --            ; --          ; --             ;
; IP_TOOL_NAME                       ; LPM_RAM_DQ                                   ; --            ; --          ; --             ;
; IP_TOOL_NAME                       ; LPM_RAM_DQ                                   ; --            ; --          ; --             ;
; IP_TOOL_NAME                       ; LPM_BUSTRI                                   ; --            ; --          ; --             ;
; IP_TOOL_NAME                       ; LPM_ROM                                      ; --            ; --          ; --             ;
; IP_TOOL_NAME                       ; LPM_COUNTER                                  ; --            ; --          ; --             ;
; IP_TOOL_NAME                       ; LPM_ADD_SUB                                  ; --            ; --          ; --             ;
; IP_TOOL_NAME                       ; LPM_FF                                       ; --            ; --          ; --             ;
; IP_TOOL_NAME                       ; LPM_COMPARE                                  ; --            ; --          ; --             ;
; IP_TOOL_NAME                       ; LPM_COMPARE                                  ; --            ; --          ; --             ;
; IP_TOOL_NAME                       ; LPM_COUNTER                                  ; --            ; --          ; --             ;
; IP_TOOL_NAME                       ; LPM_DECODE                                   ; --            ; --          ; --             ;
; IP_TOOL_NAME                       ; LPM_FF                                       ; --            ; --          ; --             ;
; IP_TOOL_NAME                       ; LPM_MUX                                      ; --            ; --          ; --             ;
; IP_TOOL_NAME                       ; LPM_MUX                                      ; --            ; --          ; --             ;
; IP_TOOL_NAME                       ; LPM_COMPARE                                  ; --            ; --          ; --             ;
; IP_TOOL_NAME                       ; LPM_COUNTER                                  ; --            ; --          ; --             ;
; IP_TOOL_NAME                       ; LPM_FF                                       ; --            ; --          ; --             ;
; IP_TOOL_NAME                       ; LPM_CONSTANT                                 ; --            ; --          ; --             ;
; IP_TOOL_NAME                       ; LPM_ROM                                      ; --            ; --          ; --             ;
; IP_TOOL_NAME                       ; LPM_BUSTRI                                   ; --            ; --          ; --             ;
; IP_TOOL_NAME                       ; LPM_RAM_DQ                                   ; --            ; --          ; --             ;
; IP_TOOL_NAME                       ; LPM_ROM                                      ; --            ; --          ; --             ;
; IP_TOOL_NAME                       ; LPM_BUSTRI                                   ; --            ; --          ; --             ;
; IP_TOOL_NAME                       ; LPM_RAM_DQ                                   ; --            ; --          ; --             ;
; IP_TOOL_NAME                       ; LPM_BUSTRI                                   ; --            ; --          ; --             ;
; IP_TOOL_NAME                       ; LPM_COUNTER                                  ; --            ; --          ; --             ;
; IP_TOOL_NAME                       ; LPM_DECODE                                   ; --            ; --          ; --             ;
; IP_TOOL_NAME                       ; LPM_ADD_SUB                                  ; --            ; --          ; --             ;
; IP_TOOL_NAME                       ; LPM_MUX                                      ; --            ; --          ; --             ;
; IP_TOOL_NAME                       ; LPM_CONSTANT                                 ; --            ; --          ; --             ;
; IP_TOOL_VERSION                    ; 9.1                                          ; --            ; --          ; --             ;
; IP_TOOL_VERSION                    ; 9.1                                          ; --            ; --          ; --             ;
; IP_TOOL_VERSION                    ; 9.1                                          ; --            ; --          ; --             ;
; IP_TOOL_VERSION                    ; 9.1                                          ; --            ; --          ; --             ;
; IP_TOOL_VERSION                    ; 9.1                                          ; --            ; --          ; --             ;
; IP_TOOL_VERSION                    ; 9.1                                          ; --            ; --          ; --             ;
; IP_TOOL_VERSION                    ; 9.1                                          ; --            ; --          ; --             ;
; IP_TOOL_VERSION                    ; 9.1                                          ; --            ; --          ; --             ;
; IP_TOOL_VERSION                    ; 9.1                                          ; --            ; --          ; --             ;
; IP_TOOL_VERSION                    ; 9.1                                          ; --            ; --          ; --             ;
; IP_TOOL_VERSION                    ; 9.1                                          ; --            ; --          ; --             ;
; IP_TOOL_VERSION                    ; 9.1                                          ; --            ; --          ; --             ;
; IP_TOOL_VERSION                    ; 9.1                                          ; --            ; --          ; --             ;
; IP_TOOL_VERSION                    ; 9.1                                          ; --            ; --          ; --             ;
; IP_TOOL_VERSION                    ; 9.1                                          ; --            ; --          ; --             ;
; IP_TOOL_VERSION                    ; 9.1                                          ; --            ; --          ; --             ;
; IP_TOOL_VERSION                    ; 9.1                                          ; --            ; --          ; --             ;
; IP_TOOL_VERSION                    ; 9.1                                          ; --            ; --          ; --             ;
; IP_TOOL_VERSION                    ; 9.1                                          ; --            ; --          ; --             ;
; IP_TOOL_VERSION                    ; 9.1                                          ; --            ; --          ; --             ;
; IP_TOOL_VERSION                    ; 9.1                                          ; --            ; --          ; --             ;
; IP_TOOL_VERSION                    ; 9.1                                          ; --            ; --          ; --             ;
; IP_TOOL_VERSION                    ; 9.1                                          ; --            ; --          ; --             ;
; IP_TOOL_VERSION                    ; 9.1                                          ; --            ; --          ; --             ;
; IP_TOOL_VERSION                    ; 9.1                                          ; --            ; --          ; --             ;
; IP_TOOL_VERSION                    ; 9.1                                          ; --            ; --          ; --             ;
; IP_TOOL_VERSION                    ; 9.1                                          ; --            ; --          ; --             ;
; IP_TOOL_VERSION                    ; 9.1                                          ; --            ; --          ; --             ;
; IP_TOOL_VERSION                    ; 9.1                                          ; --            ; --          ; --             ;
; IP_TOOL_VERSION                    ; 9.1                                          ; --            ; --          ; --             ;
; IP_TOOL_VERSION                    ; 9.1                                          ; --            ; --          ; --             ;
; IP_TOOL_VERSION                    ; 9.1                                          ; --            ; --          ; --             ;
; IP_TOOL_VERSION                    ; 9.1                                          ; --            ; --          ; --             ;
; IP_TOOL_VERSION                    ; 9.1                                          ; --            ; --          ; --             ;
; IP_TOOL_VERSION                    ; 9.1                                          ; --            ; --          ; --             ;
; IP_TOOL_VERSION                    ; 9.1                                          ; --            ; --          ; --             ;
; IP_TOOL_VERSION                    ; 9.1                                          ; --            ; --          ; --             ;
; IP_TOOL_VERSION                    ; 9.1                                          ; --            ; --          ; --             ;
; IP_TOOL_VERSION                    ; 9.1                                          ; --            ; --          ; --             ;
; IP_TOOL_VERSION                    ; 9.1                                          ; --            ; --          ; --             ;
; MISC_FILE                          ; lpm_dff0.bsf                                 ; --            ; --          ; --             ;
; MISC_FILE                          ; lpm_dff0.cmp                                 ; --            ; --          ; --             ;
; MISC_FILE                          ; lpm_dff1.bsf                                 ; --            ; --          ; --             ;
; MISC_FILE                          ; lpm_dff1.cmp                                 ; --            ; --          ; --             ;
; MISC_FILE                          ; lpm_decode0.bsf                              ; --            ; --          ; --             ;
; MISC_FILE                          ; lpm_decode0.cmp                              ; --            ; --          ; --             ;
; MISC_FILE                          ; lpm_mux0.bsf                                 ; --            ; --          ; --             ;
; MISC_FILE                          ; lpm_mux0.cmp                                 ; --            ; --          ; --             ;
; MISC_FILE                          ; lpm_bustri0.bsf                              ; --            ; --          ; --             ;
; MISC_FILE                          ; lpm_bustri0.cmp                              ; --            ; --          ; --             ;
; MISC_FILE                          ; lpm_rom0.bsf                                 ; --            ; --          ; --             ;
; MISC_FILE                          ; lpm_rom0.cmp                                 ; --            ; --          ; --             ;
; MISC_FILE                          ; lpm_ram_dq0.bsf                              ; --            ; --          ; --             ;
; MISC_FILE                          ; lpm_ram_dq0.cmp                              ; --            ; --          ; --             ;
; MISC_FILE                          ; lpm_bustri1.bsf                              ; --            ; --          ; --             ;
; MISC_FILE                          ; lpm_bustri1.cmp                              ; --            ; --          ; --             ;
; MISC_FILE                          ; lpm_rom1.tdf                                 ; --            ; --          ; --             ;
; MISC_FILE                          ; lpm_rom1.bsf                                 ; --            ; --          ; --             ;
; MISC_FILE                          ; lpm_rom1.cmp                                 ; --            ; --          ; --             ;
; MISC_FILE                          ; lpm_bustri2.bsf                              ; --            ; --          ; --             ;
; MISC_FILE                          ; lpm_bustri2.cmp                              ; --            ; --          ; --             ;
; MISC_FILE                          ; lpm_ram_dq1.bsf                              ; --            ; --          ; --             ;
; MISC_FILE                          ; lpm_ram_dq1.cmp                              ; --            ; --          ; --             ;
; MISC_FILE                          ; lpm_ram_dq2.bsf                              ; --            ; --          ; --             ;
; MISC_FILE                          ; lpm_ram_dq2.cmp                              ; --            ; --          ; --             ;
; MISC_FILE                          ; lpm_bustri3.bsf                              ; --            ; --          ; --             ;
; MISC_FILE                          ; lpm_bustri3.cmp                              ; --            ; --          ; --             ;
; MISC_FILE                          ; lpm_rom2.bsf                                 ; --            ; --          ; --             ;
; MISC_FILE                          ; lpm_rom2.cmp                                 ; --            ; --          ; --             ;
; MISC_FILE                          ; lpm_counter0.bsf                             ; --            ; --          ; --             ;
; MISC_FILE                          ; lpm_counter0.cmp                             ; --            ; --          ; --             ;
; MISC_FILE                          ; lpm_add_sub0.bsf                             ; --            ; --          ; --             ;
; MISC_FILE                          ; lpm_add_sub0.cmp                             ; --            ; --          ; --             ;
; MISC_FILE                          ; lpm_dff2.bsf                                 ; --            ; --          ; --             ;
; MISC_FILE                          ; lpm_dff2.cmp                                 ; --            ; --          ; --             ;
; MISC_FILE                          ; lpm_compare0.bsf                             ; --            ; --          ; --             ;
; MISC_FILE                          ; lpm_compare0.cmp                             ; --            ; --          ; --             ;
; MISC_FILE                          ; lpm_compare1.bsf                             ; --            ; --          ; --             ;
; MISC_FILE                          ; lpm_compare1.cmp                             ; --            ; --          ; --             ;
; MISC_FILE                          ; lpm_counter1.bsf                             ; --            ; --          ; --             ;
; MISC_FILE                          ; lpm_counter1.cmp                             ; --            ; --          ; --             ;
; MISC_FILE                          ; lpm_decode1.bsf                              ; --            ; --          ; --             ;
; MISC_FILE                          ; lpm_decode1.cmp                              ; --            ; --          ; --             ;
; MISC_FILE                          ; lpm_dff3.bsf                                 ; --            ; --          ; --             ;
; MISC_FILE                          ; lpm_dff3.cmp                                 ; --            ; --          ; --             ;
; MISC_FILE                          ; lpm_mux1.bsf                                 ; --            ; --          ; --             ;
; MISC_FILE                          ; lpm_mux1.cmp                                 ; --            ; --          ; --             ;
; MISC_FILE                          ; lpm_mux2.bsf                                 ; --            ; --          ; --             ;
; MISC_FILE                          ; lpm_mux2.cmp                                 ; --            ; --          ; --             ;
; MISC_FILE                          ; lpm_compare2.bsf                             ; --            ; --          ; --             ;
; MISC_FILE                          ; lpm_compare2.cmp                             ; --            ; --          ; --             ;
; MISC_FILE                          ; lpm_counter2.bsf                             ; --            ; --          ; --             ;
; MISC_FILE                          ; lpm_counter2.cmp                             ; --            ; --          ; --             ;
; MISC_FILE                          ; lpm_dff4.bsf                                 ; --            ; --          ; --             ;
; MISC_FILE                          ; lpm_dff4.cmp                                 ; --            ; --          ; --             ;
; MISC_FILE                          ; lpm_constant0.bsf                            ; --            ; --          ; --             ;
; MISC_FILE                          ; lpm_constant0.cmp                            ; --            ; --          ; --             ;
; MISC_FILE                          ; lpm_rom3.bsf                                 ; --            ; --          ; --             ;
; MISC_FILE                          ; lpm_rom3.cmp                                 ; --            ; --          ; --             ;
; MISC_FILE                          ; lpm_bustri4.bsf                              ; --            ; --          ; --             ;
; MISC_FILE                          ; lpm_bustri4.cmp                              ; --            ; --          ; --             ;
; MISC_FILE                          ; lpm_ram_dq3.tdf                              ; --            ; --          ; --             ;
; MISC_FILE                          ; lpm_ram_dq3.bsf                              ; --            ; --          ; --             ;
; MISC_FILE                          ; lpm_ram_dq3.cmp                              ; --            ; --          ; --             ;
; MISC_FILE                          ; lpm_rom4.bsf                                 ; --            ; --          ; --             ;
; MISC_FILE                          ; lpm_rom4.cmp                                 ; --            ; --          ; --             ;
; MISC_FILE                          ; lpm_bustri5.bsf                              ; --            ; --          ; --             ;
; MISC_FILE                          ; lpm_bustri5.cmp                              ; --            ; --          ; --             ;
; MISC_FILE                          ; lpm_ram_dq4.bsf                              ; --            ; --          ; --             ;
; MISC_FILE                          ; lpm_ram_dq4.cmp                              ; --            ; --          ; --             ;
; MISC_FILE                          ; lpm_bustri6.bsf                              ; --            ; --          ; --             ;
; MISC_FILE                          ; lpm_bustri6.cmp                              ; --            ; --          ; --             ;
; MISC_FILE                          ; D:/UNIVER/5 sem/SiFO/sifo/Labs/Lab4/Lab4.dpf ; --            ; --          ; --             ;
; MISC_FILE                          ; lpm_counter3.bsf                             ; --            ; --          ; --             ;
; MISC_FILE                          ; lpm_counter3.cmp                             ; --            ; --          ; --             ;
; MISC_FILE                          ; lpm_decode2.bsf                              ; --            ; --          ; --             ;
; MISC_FILE                          ; lpm_decode2.cmp                              ; --            ; --          ; --             ;
; MISC_FILE                          ; lpm_add_sub1.bsf                             ; --            ; --          ; --             ;
; MISC_FILE                          ; lpm_add_sub1.cmp                             ; --            ; --          ; --             ;
; MISC_FILE                          ; lpm_mux3.bsf                                 ; --            ; --          ; --             ;
; MISC_FILE                          ; lpm_mux3.cmp                                 ; --            ; --          ; --             ;
; MISC_FILE                          ; lpm_constant1.bsf                            ; --            ; --          ; --             ;
; MISC_FILE                          ; lpm_constant1.cmp                            ; --            ; --          ; --             ;
; PARTITION_COLOR                    ; 16764057                                     ; --            ; --          ; Top            ;
; PARTITION_NETLIST_TYPE             ; SOURCE                                       ; --            ; --          ; Top            ;
; USE_GENERATED_PHYSICAL_CONSTRAINTS ; Off                                          ; --            ; --          ; eda_blast_fpga ;
+------------------------------------+----------------------------------------------+---------------+-------------+----------------+


+--------------------------------------------------------------------------------------------------------------------------+
; Flow Elapsed Time                                                                                                        ;
+----------------------+--------------+-------------------------+---------------------+------------------------------------+
; Module Name          ; Elapsed Time ; Average Processors Used ; Peak Virtual Memory ; Total CPU Time (on all processors) ;
+----------------------+--------------+-------------------------+---------------------+------------------------------------+
; Analysis & Synthesis ; 00:00:05     ; 1.0                     ; 268 MB              ; 00:00:05                           ;
; Total                ; 00:00:05     ; --                      ; --                  ; 00:00:05                           ;
+----------------------+--------------+-------------------------+---------------------+------------------------------------+


+---------------------------------------------------------------------------------------+
; Flow OS Summary                                                                       ;
+----------------------+------------------+---------------+------------+----------------+
; Module Name          ; Machine Hostname ; OS Name       ; OS Version ; Processor type ;
+----------------------+------------------+---------------+------------+----------------+
; Analysis & Synthesis ; DESKTOP-U7SE2UE  ; Windows Vista ; 6.2        ; x86_64         ;
+----------------------+------------------+---------------+------------+----------------+


------------
; Flow Log ;
------------
quartus_map --read_settings_files=on --write_settings_files=off Lab4 -c Lab4



